# JRE version: Java(TM) SE Runtime Environment (14.0.1+7) (build 14.0.1+7)
# Java VM: Java HotSpot(TM) 64-Bit Server VM (14.0.1+7, mixed mode, sharing, tiered, compressed oops, g1 gc, windows-amd64)
Heap:
 garbage-first heap   total 78848K, used 24380K [0x0000000701600000, 0x0000000800000000)
  region size 1024K, 13 young (13312K), 7 survivors (7168K)
 Metaspace       used 35878K, capacity 37319K, committed 37552K, reserved 1081344K
  class space    used 4744K, capacity 5295K, committed 5376K, reserved 1048576K
GC Heap History (12 events):
Event: 0.519 GC heap before
{Heap before GC invocations=0 (full 0):
 garbage-first heap   total 262144K, used 22528K [0x0000000701600000, 0x0000000800000000)
  region size 1024K, 23 young (23552K), 0 survivors (0K)
 Metaspace       used 6776K, capacity 7078K, committed 7168K, reserved 1056768K
  class space    used 838K, capacity 963K, committed 1024K, reserved 1048576K
}
Event: 0.522 GC heap after
{Heap after GC invocations=1 (full 0):
 garbage-first heap   total 262144K, used 5391K [0x0000000701600000, 0x0000000800000000)
  region size 1024K, 3 young (3072K), 3 survivors (3072K)
 Metaspace       used 6776K, capacity 7078K, committed 7168K, reserved 1056768K
  class space    used 838K, capacity 963K, committed 1024K, reserved 1048576K
}
Event: 0.734 GC heap before
{Heap before GC invocations=1 (full 0):
 garbage-first heap   total 262144K, used 34063K [0x0000000701600000, 0x0000000800000000)
  region size 1024K, 31 young (31744K), 3 survivors (3072K)
 Metaspace       used 10582K, capacity 11030K, committed 11136K, reserved 1058816K
  class space    used 1465K, capacity 1636K, committed 1664K, reserved 1048576K
}
Event: 0.736 GC heap after
{Heap after GC invocations=2 (full 0):
 garbage-first heap   total 262144K, used 7007K [0x0000000701600000, 0x0000000800000000)
  region size 1024K, 2 young (2048K), 2 survivors (2048K)
 Metaspace       used 10582K, capacity 11030K, committed 11136K, reserved 1058816K
  class space    used 1465K, capacity 1636K, committed 1664K, reserved 1048576K
}
Event: 1.320 GC heap before
{Heap before GC invocations=2 (full 0):
 garbage-first heap   total 262144K, used 95071K [0x0000000701600000, 0x0000000800000000)
  region size 1024K, 89 young (91136K), 2 survivors (2048K)
 Metaspace       used 20317K, capacity 21153K, committed 21296K, reserved 1067008K
  class space    used 2777K, capacity 3123K, committed 3200K, reserved 1048576K
}
Event: 1.325 GC heap after
{Heap after GC invocations=3 (full 0):
 garbage-first heap   total 262144K, used 10641K [0x0000000701600000, 0x0000000800000000)
  region size 1024K, 6 young (6144K), 6 survivors (6144K)
 Metaspace       used 20317K, capacity 21153K, committed 21296K, reserved 1067008K
  class space    used 2777K, capacity 3123K, committed 3200K, reserved 1048576K
}
Event: 1.534 GC heap before
{Heap before GC invocations=4 (full 0):
 garbage-first heap   total 45056K, used 41361K [0x0000000701600000, 0x0000000800000000)
  region size 1024K, 36 young (36864K), 6 survivors (6144K)
 Metaspace       used 24571K, capacity 25695K, committed 25776K, reserved 1071104K
  class space    used 3358K, capacity 3786K, committed 3840K, reserved 1048576K
}
Event: 1.539 GC heap after
{Heap after GC invocations=5 (full 0):
 garbage-first heap   total 51200K, used 12748K [0x0000000701600000, 0x0000000800000000)
  region size 1024K, 3 young (3072K), 3 survivors (3072K)
 Metaspace       used 24571K, capacity 25695K, committed 25776K, reserved 1071104K
  class space    used 3358K, capacity 3786K, committed 3840K, reserved 1048576K
}
Event: 1.670 GC heap before
{Heap before GC invocations=5 (full 0):
 garbage-first heap   total 51200K, used 35276K [0x0000000701600000, 0x0000000800000000)
  region size 1024K, 25 young (25600K), 3 survivors (3072K)
 Metaspace       used 26027K, capacity 27195K, committed 27312K, reserved 1073152K
  class space    used 3551K, capacity 3986K, committed 4096K, reserved 1048576K
}
Event: 1.673 GC heap after
{Heap after GC invocations=6 (full 0):
 garbage-first heap   total 156672K, used 13808K [0x0000000701600000, 0x0000000800000000)
  region size 1024K, 2 young (2048K), 2 survivors (2048K)
 Metaspace       used 26027K, capacity 27195K, committed 27312K, reserved 1073152K
  class space    used 3551K, capacity 3986K, committed 4096K, reserved 1048576K
}
Event: 6.810 GC heap before
{Heap before GC invocations=6 (full 0):
 garbage-first heap   total 156672K, used 78320K [0x0000000701600000, 0x0000000800000000)
  region size 1024K, 67 young (68608K), 2 survivors (2048K)
 Metaspace       used 34395K, capacity 35737K, committed 35888K, reserved 1079296K
  class space    used 4596K, capacity 5151K, committed 5248K, reserved 1048576K
}
Event: 6.815 GC heap after
{Heap after GC invocations=7 (full 0):
 garbage-first heap   total 156672K, used 19260K [0x0000000701600000, 0x0000000800000000)
  region size 1024K, 7 young (7168K), 7 survivors (7168K)
 Metaspace       used 34395K, capacity 35737K, committed 35888K, reserved 1079296K
  class space    used 4596K, capacity 5151K, committed 5248K, reserved 1048576K
}

