# JRE version: Java(TM) SE Runtime Environment (14.0.1+7) (build 14.0.1+7)
# Java VM: Java HotSpot(TM) 64-Bit Server VM (14.0.1+7, mixed mode, sharing, tiered, compressed oops, g1 gc, windows-amd64)
Heap:
 garbage-first heap   total 75776K, used 24605K [0x0000000701600000, 0x0000000800000000)
  region size 1024K, 13 young (13312K), 7 survivors (7168K)
 Metaspace       used 35886K, capacity 37319K, committed 37552K, reserved 1081344K
  class space    used 4744K, capacity 5295K, committed 5376K, reserved 1048576K
GC Heap History (12 events):
Event: 0.534 GC heap before
{Heap before GC invocations=0 (full 0):
 garbage-first heap   total 262144K, used 22528K [0x0000000701600000, 0x0000000800000000)
  region size 1024K, 23 young (23552K), 0 survivors (0K)
 Metaspace       used 6772K, capacity 7078K, committed 7168K, reserved 1056768K
  class space    used 838K, capacity 963K, committed 1024K, reserved 1048576K
}
Event: 0.537 GC heap after
{Heap after GC invocations=1 (full 0):
 garbage-first heap   total 262144K, used 5338K [0x0000000701600000, 0x0000000800000000)
  region size 1024K, 3 young (3072K), 3 survivors (3072K)
 Metaspace       used 6772K, capacity 7078K, committed 7168K, reserved 1056768K
  class space    used 838K, capacity 963K, committed 1024K, reserved 1048576K
}
Event: 0.777 GC heap before
{Heap before GC invocations=1 (full 0):
 garbage-first heap   total 262144K, used 34010K [0x0000000701600000, 0x0000000800000000)
  region size 1024K, 31 young (31744K), 3 survivors (3072K)
 Metaspace       used 10611K, capacity 11094K, committed 11136K, reserved 1058816K
  class space    used 1466K, capacity 1636K, committed 1664K, reserved 1048576K
}
Event: 0.780 GC heap after
{Heap after GC invocations=2 (full 0):
 garbage-first heap   total 262144K, used 7090K [0x0000000701600000, 0x0000000800000000)
  region size 1024K, 2 young (2048K), 2 survivors (2048K)
 Metaspace       used 10611K, capacity 11094K, committed 11136K, reserved 1058816K
  class space    used 1466K, capacity 1636K, committed 1664K, reserved 1048576K
}
Event: 1.314 GC heap before
{Heap before GC invocations=2 (full 0):
 garbage-first heap   total 262144K, used 95154K [0x0000000701600000, 0x0000000800000000)
  region size 1024K, 89 young (91136K), 2 survivors (2048K)
 Metaspace       used 20328K, capacity 21153K, committed 21296K, reserved 1067008K
  class space    used 2780K, capacity 3123K, committed 3200K, reserved 1048576K
}
Event: 1.319 GC heap after
{Heap after GC invocations=3 (full 0):
 garbage-first heap   total 262144K, used 10718K [0x0000000701600000, 0x0000000800000000)
  region size 1024K, 6 young (6144K), 6 survivors (6144K)
 Metaspace       used 20328K, capacity 21153K, committed 21296K, reserved 1067008K
  class space    used 2780K, capacity 3123K, committed 3200K, reserved 1048576K
}
Event: 1.532 GC heap before
{Heap before GC invocations=4 (full 0):
 garbage-first heap   total 45056K, used 34270K [0x0000000701600000, 0x0000000800000000)
  region size 1024K, 29 young (29696K), 6 survivors (6144K)
 Metaspace       used 23946K, capacity 25043K, committed 25264K, reserved 1071104K
  class space    used 3297K, capacity 3718K, committed 3840K, reserved 1048576K
}
Event: 1.537 GC heap after
{Heap after GC invocations=5 (full 0):
 garbage-first heap   total 45056K, used 12474K [0x0000000701600000, 0x0000000800000000)
  region size 1024K, 2 young (2048K), 2 survivors (2048K)
 Metaspace       used 23946K, capacity 25043K, committed 25264K, reserved 1071104K
  class space    used 3297K, capacity 3718K, committed 3840K, reserved 1048576K
}
Event: 1.661 GC heap before
{Heap before GC invocations=5 (full 0):
 garbage-first heap   total 45056K, used 30906K [0x0000000701600000, 0x0000000800000000)
  region size 1024K, 21 young (21504K), 2 survivors (2048K)
 Metaspace       used 25366K, capacity 26443K, committed 26672K, reserved 1073152K
  class space    used 3447K, capacity 3865K, committed 3968K, reserved 1048576K
}
Event: 1.665 GC heap after
{Heap after GC invocations=6 (full 0):
 garbage-first heap   total 153600K, used 13426K [0x0000000701600000, 0x0000000800000000)
  region size 1024K, 1 young (1024K), 1 survivors (1024K)
 Metaspace       used 25366K, capacity 26443K, committed 26672K, reserved 1073152K
  class space    used 3447K, capacity 3865K, committed 3968K, reserved 1048576K
}
Event: 4.346 GC heap before
{Heap before GC invocations=6 (full 0):
 garbage-first heap   total 153600K, used 92274K [0x0000000701600000, 0x0000000800000000)
  region size 1024K, 79 young (80896K), 1 survivors (1024K)
 Metaspace       used 34399K, capacity 35737K, committed 35888K, reserved 1079296K
  class space    used 4596K, capacity 5151K, committed 5248K, reserved 1048576K
}
Event: 4.351 GC heap after
{Heap after GC invocations=7 (full 0):
 garbage-first heap   total 153600K, used 19485K [0x0000000701600000, 0x0000000800000000)
  region size 1024K, 7 young (7168K), 7 survivors (7168K)
 Metaspace       used 34399K, capacity 35737K, committed 35888K, reserved 1079296K
  class space    used 4596K, capacity 5151K, committed 5248K, reserved 1048576K
}

