# JRE version: Java(TM) SE Runtime Environment (14.0.1+7) (build 14.0.1+7)
# Java VM: Java HotSpot(TM) 64-Bit Server VM (14.0.1+7, mixed mode, sharing, tiered, compressed oops, g1 gc, windows-amd64)
Heap:
 garbage-first heap   total 75776K, used 25286K [0x0000000701600000, 0x0000000800000000)
  region size 1024K, 14 young (14336K), 7 survivors (7168K)
 Metaspace       used 35893K, capacity 37383K, committed 37552K, reserved 1081344K
  class space    used 4744K, capacity 5295K, committed 5376K, reserved 1048576K
GC Heap History (14 events):
Event: 0.522 GC heap before
{Heap before GC invocations=0 (full 0):
 garbage-first heap   total 262144K, used 22528K [0x0000000701600000, 0x0000000800000000)
  region size 1024K, 23 young (23552K), 0 survivors (0K)
 Metaspace       used 6782K, capacity 7078K, committed 7168K, reserved 1056768K
  class space    used 838K, capacity 963K, committed 1024K, reserved 1048576K
}
Event: 0.526 GC heap after
{Heap after GC invocations=1 (full 0):
 garbage-first heap   total 262144K, used 5312K [0x0000000701600000, 0x0000000800000000)
  region size 1024K, 3 young (3072K), 3 survivors (3072K)
 Metaspace       used 6782K, capacity 7078K, committed 7168K, reserved 1056768K
  class space    used 838K, capacity 963K, committed 1024K, reserved 1048576K
}
Event: 0.768 GC heap before
{Heap before GC invocations=1 (full 0):
 garbage-first heap   total 262144K, used 33984K [0x0000000701600000, 0x0000000800000000)
  region size 1024K, 31 young (31744K), 3 survivors (3072K)
 Metaspace       used 10595K, capacity 11094K, committed 11136K, reserved 1058816K
  class space    used 1465K, capacity 1636K, committed 1664K, reserved 1048576K
}
Event: 0.770 GC heap after
{Heap after GC invocations=2 (full 0):
 garbage-first heap   total 262144K, used 6950K [0x0000000701600000, 0x0000000800000000)
  region size 1024K, 2 young (2048K), 2 survivors (2048K)
 Metaspace       used 10595K, capacity 11094K, committed 11136K, reserved 1058816K
  class space    used 1465K, capacity 1636K, committed 1664K, reserved 1048576K
}
Event: 1.258 GC heap before
{Heap before GC invocations=2 (full 0):
 garbage-first heap   total 262144K, used 93990K [0x0000000701600000, 0x0000000800000000)
  region size 1024K, 88 young (90112K), 2 survivors (2048K)
 Metaspace       used 20264K, capacity 21146K, committed 21296K, reserved 1067008K
  class space    used 2770K, capacity 3121K, committed 3200K, reserved 1048576K
}
Event: 1.263 GC heap after
{Heap after GC invocations=3 (full 0):
 garbage-first heap   total 262144K, used 10454K [0x0000000701600000, 0x0000000800000000)
  region size 1024K, 5 young (5120K), 5 survivors (5120K)
 Metaspace       used 20264K, capacity 21146K, committed 21296K, reserved 1067008K
  class space    used 2770K, capacity 3121K, committed 3200K, reserved 1048576K
}
Event: 1.465 GC heap before
{Heap before GC invocations=4 (full 0):
 garbage-first heap   total 40960K, used 40150K [0x0000000701600000, 0x0000000800000000)
  region size 1024K, 34 young (34816K), 5 survivors (5120K)
 Metaspace       used 24583K, capacity 25663K, committed 25776K, reserved 1071104K
  class space    used 3355K, capacity 3754K, committed 3840K, reserved 1048576K
}
Event: 1.470 GC heap after
{Heap after GC invocations=5 (full 0):
 garbage-first heap   total 49152K, used 12775K [0x0000000701600000, 0x0000000800000000)
  region size 1024K, 8 young (8192K), 8 survivors (8192K)
 Metaspace       used 24583K, capacity 25663K, committed 25776K, reserved 1071104K
  class space    used 3355K, capacity 3754K, committed 3840K, reserved 1048576K
}
Event: 1.586 GC heap before
{Heap before GC invocations=5 (full 0):
 garbage-first heap   total 49152K, used 33255K [0x0000000701600000, 0x0000000800000000)
  region size 1024K, 28 young (28672K), 8 survivors (8192K)
 Metaspace       used 25750K, capacity 26872K, committed 26928K, reserved 1073152K
  class space    used 3504K, capacity 3942K, committed 3968K, reserved 1048576K
}
Event: 1.590 GC heap after
{Heap after GC invocations=6 (full 0):
 garbage-first heap   total 49152K, used 13782K [0x0000000701600000, 0x0000000800000000)
  region size 1024K, 2 young (2048K), 2 survivors (2048K)
 Metaspace       used 25750K, capacity 26872K, committed 26928K, reserved 1073152K
  class space    used 3504K, capacity 3942K, committed 3968K, reserved 1048576K
}
Event: 1.727 GC heap before
{Heap before GC invocations=6 (full 0):
 garbage-first heap   total 49152K, used 35286K [0x0000000701600000, 0x0000000800000000)
  region size 1024K, 23 young (23552K), 2 survivors (2048K)
 Metaspace       used 27764K, capacity 28965K, committed 29104K, reserved 1075200K
  class space    used 3799K, capacity 4287K, committed 4352K, reserved 1048576K
}
Event: 1.730 GC heap after
{Heap after GC invocations=7 (full 0):
 garbage-first heap   total 155648K, used 14896K [0x0000000701600000, 0x0000000800000000)
  region size 1024K, 3 young (3072K), 3 survivors (3072K)
 Metaspace       used 27764K, capacity 28965K, committed 29104K, reserved 1075200K
  class space    used 3799K, capacity 4287K, committed 4352K, reserved 1048576K
}
Event: 6.871 GC heap before
{Heap before GC invocations=7 (full 0):
 garbage-first heap   total 155648K, used 63024K [0x0000000701600000, 0x0000000800000000)
  region size 1024K, 51 young (52224K), 3 survivors (3072K)
 Metaspace       used 34339K, capacity 35737K, committed 35888K, reserved 1079296K
  class space    used 4590K, capacity 5151K, committed 5248K, reserved 1048576K
}
Event: 6.875 GC heap after
{Heap after GC invocations=8 (full 0):
 garbage-first heap   total 155648K, used 19142K [0x0000000701600000, 0x0000000800000000)
  region size 1024K, 7 young (7168K), 7 survivors (7168K)
 Metaspace       used 34339K, capacity 35737K, committed 35888K, reserved 1079296K
  class space    used 4590K, capacity 5151K, committed 5248K, reserved 1048576K
}

